# 5.2.1 - Amplifier Calibration
rm = (2.993×10²±0.004×10²) 
rc = (2.75×10⁰±1.35×10⁰) V

# 5.2.2 - Mach-Zehner Interferometer
A1 = (1.47×10⁰±0.10×10⁰) V
L1 = (1.49×10⁰±0.04×10⁰) V
Dp1 = (-3.35×10⁰±0.07×10⁰) 
c1 = (3.94×10⁻¹±0.70×10⁻¹) V
omega1 = (4.68×10⁰±0.14×10⁰) V (V_i)
omega1 = (1.403×10³±0.041×10³) V (V_o)

A2 = (-1.00×10⁻¹±0.06×10⁻¹) V
L2 = (5.60×10⁻¹±0.04×10⁻¹) V
Dp2 = (2.43×10⁰±0.05×10⁰) 
c2 = (7.46×10⁻¹±0.04×10⁻¹) V
omega2 = (1.76×10⁰±0.01×10⁰) V (V_i)
omega2 = (5.279×10²±0.041×10²) V (V_o)

# 5.3 - Polarisation Manipulation
A1 = (-2.40×10⁰±0.04×10⁰) V
L1 = (8.50×10⁻¹±0.03×10⁻¹) V
Dp1 = (8.99×10⁻¹±0.15×10⁻¹) 
c1 = (2.70×10⁰±0.02×10⁰) V
omega1 = (2.67×10⁰±0.01×10⁰) V (V_i)
omega1 = (8.012×10²±0.030×10²) V (V_o)

A2 = (7.36×10⁻¹±0.25×10⁻¹) V
L2 = (7.82×10⁻¹±0.05×10⁻¹) V
Dp2 = (5.90×10⁻¹±0.30×10⁻¹) 
c2 = (2.58×10⁻¹±0.14×10⁻¹) V
omega2 = (2.46×10⁰±0.02×10⁰) V (V_i)
omega2 = (7.369×10²±0.050×10²) V (V_o)

